{"level":"info","message":"{\n  _id: '36717ffa-8874-43b5-9cdf-52dae4e63faa',\n  name: 'afit',\n  designation: 'Programmer',\n  email: 'afit@gmail.com',\n  phone: '392138201',\n  age: 23,\n  createdAt: 2023-05-07T09:10:56.546Z,\n  updatedAt: 2023-05-07T09:10:56.546Z,\n  __v: 0\n}","timestamp":"2023-05-07T14:00:57.796Z"}
{"level":"info","message":"Successfully: undefined","timestamp":"2023-05-07T14:02:30.989Z"}
{"level":"info","message":"Successfully: {\n  _id: '36717ffa-8874-43b5-9cdf-52dae4e63faa',\n  name: 'afit',\n  designation: 'Programmer',\n  email: 'afit@gmail.com',\n  phone: '392138201',\n  age: 23,\n  createdAt: 2023-05-07T09:10:56.546Z,\n  updatedAt: 2023-05-07T09:10:56.546Z,\n  __v: 0\n}","timestamp":"2023-05-07T14:02:47.991Z"}
{"level":"info","message":"Successfully: function now() { [native code] }","timestamp":"2023-05-07T14:20:22.918Z"}
{"level":"info","message":"Successfully:","timestamp":"2023-05-07T14:20:41.830Z"}
{"level":"info","message":"Successfully:","timestamp":"2023-05-07T14:21:09.851Z"}
{"level":"error","message":"TypeError: Converting circular structure to JSON\n    --> starting at object with constructor 'DerivedLogger'\n    |     property '_readableState' -> object with constructor 'ReadableState'\n    |     property 'pipes' -> object with constructor 'Array'\n    |     index 0 -> object with constructor 'Console'\n    --- property 'parent' closes the circle","timestamp":"2023-05-07T14:21:09.855Z"}
{"level":"info","message":"Successfully:","timestamp":"2023-05-07T14:21:30.479Z"}
{"level":"error","message":"TypeError: Converting circular structure to JSON\n    --> starting at object with constructor 'DerivedLogger'\n    |     property '_readableState' -> object with constructor 'ReadableState'\n    |     property 'pipes' -> object with constructor 'Array'\n    |     index 0 -> object with constructor 'Console'\n    --- property 'parent' closes the circle","timestamp":"2023-05-07T14:21:30.481Z"}
{"level":"info","message":"Successfully:","timestamp":"2023-05-07T14:22:09.666Z"}
{"level":"info","message":"Successfully:","timestamp":"2023-05-07T14:22:28.135Z"}
{"level":"info","message":"Successfully:","timestamp":"2023-05-07T14:22:35.257Z"}
{"level":"info","message":"Successfully:","timestamp":"2023-05-07T14:23:04.084Z"}
{"level":"info","message":"Successfully:","timestamp":"2023-05-07T14:24:17.351Z"}
{"level":"info","message":"Successfully:Sun May 07 2023 21:24:57 GMT+0700 (Western Indonesia Time)","timestamp":"2023-05-07T14:24:57.322Z"}
{"level":"info","message":"Successfully:Sun May 07 2023 21:25:27 GMT+0700 (Western Indonesia Time)","timestamp":"2023-05-07T14:25:27.231Z"}
{"level":"info","message":"Successfully:Sun May 07 2023 21:25:27 GMT+0700 (Western Indonesia Time)","timestamp":"2023-05-07T14:25:27.233Z"}
{"level":"error","message":"TypeError: Converting circular structure to JSON\n    --> starting at object with constructor 'DerivedLogger'\n    |     property '_readableState' -> object with constructor 'ReadableState'\n    |     property 'pipes' -> object with constructor 'Array'\n    |     index 0 -> object with constructor 'Console'\n    --- property 'parent' closes the circle","timestamp":"2023-05-07T14:25:27.234Z"}
{
  "level": "info",
  "message": "Successfully:Sun May 07 2023 21:28:00 GMT+0700 (Western Indonesia Time)",
  "timestamp": "2023-05-07T14:28:00.488Z"
}
{
  "level": "info",
  "message": "Successfully:Sun May 07 2023 21:28:00 GMT+0700 (Western Indonesia Time)",
  "timestamp": "2023-05-07T14:28:00.490Z"
}
{
  "level": "error",
  "message": "TypeError: Converting circular structure to JSON\n    --> starting at object with constructor 'DerivedLogger'\n    |     property '_readableState' -> object with constructor 'ReadableState'\n    |     property 'pipes' -> object with constructor 'Array'\n    |     index 0 -> object with constructor 'Console'\n    --- property 'parent' closes the circle",
  "timestamp": "2023-05-07T14:28:00.491Z"
}
{
  "level": "info",
  "message": "Successfully:Sun May 07 2023 21:28:17 GMT+0700 (Western Indonesia Time)",
  "timestamp": "2023-05-07T14:28:17.902Z"
}
{
  "level": "info",
  "message": "Successfully:Sun May 07 2023 21:28:36 GMT+0700 (Western Indonesia Time)",
  "timestamp": "2023-05-07T14:28:36.249Z"
}
{
  "level": "info",
  "message": "Successfully:Sun May 07 2023 21:28:49 GMT+0700 (Western Indonesia Time)",
  "timestamp": "2023-05-07T14:28:49.359Z"
}
{
  "level": "info",
  "message": "Successfully:Sun May 07 2023 21:29:10 GMT+0700 (Western Indonesia Time)",
  "timestamp": "2023-05-07T14:29:10.816Z"
}
{
  "level": "error",
  "message": "TypeError: Converting circular structure to JSON\n    --> starting at object with constructor 'DerivedLogger'\n    |     property '_readableState' -> object with constructor 'ReadableState'\n    |     property 'pipes' -> object with constructor 'Array'\n    |     index 0 -> object with constructor 'Console'\n    --- property 'parent' closes the circle",
  "timestamp": "2023-05-07T14:29:10.819Z"
}
{
  "data": [
    {
      "__v": 0,
      "_id": "36717ffa-8874-43b5-9cdf-52dae4e63faa",
      "age": 23,
      "createdAt": "2023-05-07T09:10:56.546Z",
      "designation": "Programmer",
      "email": "afit@gmail.com",
      "name": "afit",
      "phone": "392138201",
      "updatedAt": "2023-05-07T09:10:56.546Z"
    }
  ],
  "level": "info",
  "message": "Successfully fetched employees",
  "timestamp": "2023-05-07T14:30:22.307Z"
}
{
  "data": [
    {
      "__v": 0,
      "_id": "36717ffa-8874-43b5-9cdf-52dae4e63faa",
      "age": 23,
      "createdAt": "2023-05-07T09:10:56.546Z",
      "designation": "Programmer",
      "email": "afit@gmail.com",
      "name": "afit",
      "phone": "392138201",
      "updatedAt": "2023-05-07T09:10:56.546Z"
    }
  ],
  "level": "info",
  "message": "Successfully fetched employees",
  "timestamp": "2023-05-07T14:30:55.910Z"
}
{
  "level": "error",
  "message": "TypeError: Converting circular structure to JSON\n    --> starting at object with constructor 'DerivedLogger'\n    |     property '_readableState' -> object with constructor 'ReadableState'\n    |     property 'pipes' -> object with constructor 'Array'\n    |     index 0 -> object with constructor 'Console'\n    --- property 'parent' closes the circle",
  "timestamp": "2023-05-07T14:30:55.913Z"
}
{
  "data": [
    {
      "__v": 0,
      "_id": "36717ffa-8874-43b5-9cdf-52dae4e63faa",
      "age": 23,
      "createdAt": "2023-05-07T09:10:56.546Z",
      "designation": "Programmer",
      "email": "afit@gmail.com",
      "name": "afit",
      "phone": "392138201",
      "updatedAt": "2023-05-07T09:10:56.546Z"
    }
  ],
  "level": "info",
  "message": "Successfully fetched employees",
  "timestamp": "2023-05-07T14:31:30.267Z"
}
{
  "level": "error",
  "message": "TypeError: Converting circular structure to JSON\n    --> starting at object with constructor 'DerivedLogger'\n    |     property '_readableState' -> object with constructor 'ReadableState'\n    |     property 'pipes' -> object with constructor 'Array'\n    |     index 0 -> object with constructor 'Console'\n    --- property 'parent' closes the circle",
  "timestamp": "2023-05-07T14:31:30.270Z"
}
{
  "data": [
    {
      "__v": 0,
      "_id": "36717ffa-8874-43b5-9cdf-52dae4e63faa",
      "age": 23,
      "createdAt": "2023-05-07T09:10:56.546Z",
      "designation": "Programmer",
      "email": "afit@gmail.com",
      "name": "afit",
      "phone": "392138201",
      "updatedAt": "2023-05-07T09:10:56.546Z"
    }
  ],
  "level": "info",
  "message": "Successfully fetched employees",
  "timestamp": "2023-05-07T14:32:57.634Z"
}
{
  "data": [
    {
      "__v": 0,
      "_id": "36717ffa-8874-43b5-9cdf-52dae4e63faa",
      "age": 23,
      "createdAt": "2023-05-07T09:10:56.546Z",
      "designation": "Programmer",
      "email": "afit@gmail.com",
      "name": "afit",
      "phone": "392138201",
      "updatedAt": "2023-05-07T09:10:56.546Z"
    }
  ],
  "level": "info",
  "message": "Successfully fetched employees",
  "timestamp": "2023-05-07T14:33:26.375Z"
}
